-------------------------------------------------------------------------------
Test set: com.examly.springapp.SpringappApplicationTests
-------------------------------------------------------------------------------
Tests run: 5, Failures: 0, Errors: 1, Skipped: 0, Time elapsed: 9.73 s <<< FAILURE! - in com.examly.springapp.SpringappApplicationTests
testGetCourse  Time elapsed: 0.087 s  <<< ERROR!
org.json.JSONException: Unparsable JSON string: 
	at com.examly.springapp.SpringappApplicationTests.testGetCourse(SpringappApplicationTests.java:89)

